<?xml version="1.0" encoding="UTF-8"?>
<!-- Generated by org.testng.reporters.JUnitXMLReporter -->
<testsuite hostname="DESKTOP-N60QB27" ignored="0" name="Appium Test" tests="6" failures="2" timestamp="17 Sep 2022 09:17:24 GMT" time="8.116" errors="0">
  <testcase name="login" time="0.008" classname="CodingExpert.TestCase3">
    <failure type="java.lang.AssertionError" message="Login not successful">
      <![CDATA[java.lang.AssertionError: Login not successful
at CodingExpert.TestCase3.login(TestCase3.java:12)
... Removed 26 stack frames]]>
    </failure>
  </testcase> <!-- login -->
  <testcase name="composeEmail" time="0.0" classname="CodingExpert.TestCase3">
    <skipped/>
  </testcase> <!-- composeEmail -->
  <testcase name="main" time="0.001" classname="CodingExpert.TestCase1">
    <failure type="java.lang.AssertionError" message="expected [Gmail] but found [Google]">
      <![CDATA[java.lang.AssertionError: expected [Gmail] but found [Google]
at CodingExpert.TestCase1.main(TestCase1.java:18)
... Removed 31 stack frames]]>
    </failure>
  </testcase> <!-- main -->
  <testcase name="addProductTest" time="0.001" classname="CodingExpert.TC4">
    <skipped/>
  </testcase> <!-- addProductTest -->
  <testcase name="tc6" time="8.078" classname="CodingExpert.TC6"/>
  <testcase name="t1" time="0.002" classname="CodingExpert.TC5">
    <skipped/>
  </testcase> <!-- t1 -->
</testsuite> <!-- Appium Test -->
