<?xml version="1.0" encoding="UTF-8"?>
<!-- Generated by org.testng.reporters.JUnitXMLReporter -->
<testsuite hostname="DESKTOP-N60QB27" ignored="0" name="Test1 Test" tests="1" failures="1" timestamp="17 Sep 2022 05:12:43 GMT" time="0.003" errors="0">
  <testcase name="main" time="0.001" classname="CodingExpert.TestCase1">
    <failure type="java.lang.AssertionError" message="expected [Gmail] but found [Google]">
      <![CDATA[java.lang.AssertionError: expected [Gmail] but found [Google]
at CodingExpert.TestCase1.main(TestCase1.java:18)
... Removed 31 stack frames]]>
    </failure>
  </testcase> <!-- main -->
</testsuite> <!-- Test1 Test -->
