<?xml version="1.0" encoding="UTF-8"?>
<!-- Generated by org.testng.reporters.JUnitXMLReporter -->
<testsuite hostname="DESKTOP-N60QB27" ignored="0" name="VV First TestNG Test" tests="2" failures="1" timestamp="16 Sep 2022 20:44:56 GMT" time="0.029" errors="0">
  <testcase name="login" time="0.009" classname="CodingExpert.TestCase3">
    <failure type="java.lang.AssertionError" message="Login not successful">
      <![CDATA[java.lang.AssertionError: Login not successful
at CodingExpert.TestCase3.login(TestCase3.java:12)
... Removed 26 stack frames]]>
    </failure>
  </testcase> <!-- login -->
  <testcase name="composeEmail" time="0.0" classname="CodingExpert.TestCase3">
    <skipped/>
  </testcase> <!-- composeEmail -->
</testsuite> <!-- VV First TestNG Test -->
